<?xml version="1.0" encoding="UTF-8"?>
<!-- Generated by org.testng.reporters.JUnitReportReporter -->
<testsuite skipped="0" hostname="HTSLAP42" name="runner.Start_Runner" tests="1" failures="0" timestamp="17 Apr 2019 09:43:37 GMT" time="20.858" errors="0">
  <testcase name="runScenario" time="20.858" classname="runner.Start_Runner"/>
</testsuite> <!-- runner.Start_Runner -->
