<?xml version="1.0" encoding="UTF-8"?>
<!-- Generated by org.testng.reporters.JUnitReportReporter -->
<testsuite skipped="0" hostname="HTSLAP42" name="week5.day1.Learningtestng.Edit_Lead" tests="1" failures="0" timestamp="31 Mar 2019 09:46:48 GMT" time="27.828" errors="0">
  <testcase name="edit_Lead" time="27.828" classname="week5.day1.Learningtestng.Edit_Lead"/>
</testsuite> <!-- week5.day1.Learningtestng.Edit_Lead -->
