<?xml version="1.0" encoding="UTF-8"?>
<!-- Generated by org.testng.reporters.JUnitReportReporter -->
<testsuite skipped="1" hostname="HTSLAP42" name="com.yalla.testcases.TC001_LoginAndLogout" tests="1" failures="0" timestamp="08 Apr 2019 13:49:59 GMT" time="0.000" errors="0">
  <testcase name="loginAndLogout" time="0.000" classname="com.yalla.testcases.TC001_LoginAndLogout">
    <skipped/>
  </testcase> <!-- loginAndLogout -->
</testsuite> <!-- com.yalla.testcases.TC001_LoginAndLogout -->
