<?xml version="1.0" encoding="UTF-8"?>
<!-- Generated by org.testng.reporters.JUnitReportReporter -->
<testsuite skipped="0" hostname="HTSLAP42" name="runner.Runner" tests="1" failures="0" timestamp="08 Apr 2019 13:54:21 GMT" time="13.757" errors="0">
  <testcase name="runScenario" time="13.757" classname="runner.Runner"/>
</testsuite> <!-- runner.Runner -->
