<?xml version="1.0" encoding="UTF-8"?>
<!-- Generated by org.testng.reporters.JUnitReportReporter -->
<testsuite skipped="0" hostname="HTSLAP42" name="runner.Runner" tests="1" failures="0" timestamp="24 Apr 2019 12:15:04 GMT" time="11.768" errors="0">
  <testcase name="runScenario" time="11.768" classname="runner.Runner"/>
</testsuite> <!-- runner.Runner -->
