<?xml version="1.0" encoding="UTF-8"?>
<!-- Generated by org.testng.reporters.JUnitReportReporter -->
<testsuite skipped="0" hostname="HTSLAP42" name="com.yalla.testcases.TC002_CreateLead" tests="2" failures="0" timestamp="24 Mar 2019 12:30:42 GMT" time="55.688" errors="0">
  <testcase name="loginAndLogout" time="29.175" classname="com.yalla.testcases.TC002_CreateLead"/>
  <testcase name="loginAndLogout" time="26.513" classname="com.yalla.testcases.TC002_CreateLead"/>
</testsuite> <!-- com.yalla.testcases.TC002_CreateLead -->
